<?xml version="1.0" encoding="UTF-8"?>
<!-- Generated by org.testng.reporters.JUnitReportReporter -->
<testsuite hostname="LTIN574603" failures="0" tests="3" name="com.cts.tests.Tests" time="10.607" errors="0" timestamp="2025-02-04T22:48:28 IST" skipped="0">
  <testcase classname="com.cts.tests.Tests" name="testSearchFunctionality" time="6.828"/>
  <system-out/>
  <testcase classname="com.cts.tests.Tests" name="testPriceFilterFunctionality" time="3.613"/>
  <system-out/>
  <testcase classname="com.cts.tests.Tests" name="testProductDataExtraction" time="0.166"/>
  <system-out/>
</testsuite> <!-- com.cts.tests.Tests -->
